<?xml version="1.0" encoding="UTF-8"?>
<testsuite name="com.zerobase.reservation.domain.review.service.ReviewServiceSecurityTest" tests="1" skipped="0" failures="0" errors="0" timestamp="2024-01-03T06:19:16" hostname="imhyeontaeg-ui-MacBookAir.local" time="0.042">
  <properties/>
  <testcase name="리뷰 수정 실패 - 서로 다른 유저" classname="com.zerobase.reservation.domain.review.service.ReviewServiceSecurityTest" time="0.042"/>
  <system-out><![CDATA[
  .   ____          _            __ _ _
 /\\ / ___'_ __ _ _(_)_ __  __ _ \ \ \ \
( ( )\___ | '_ | '_| | '_ \/ _` | \ \ \ \
 \\/  ___)| |_)| | | | | || (_| |  ) ) ) )
  '  |____| .__|_| |_|_| |_\__, | / / / /
 =========|_|==============|___/=/_/_/_/
 :: Spring Boot ::                (v3.1.5)

2024-01-03T15:19:15.392+09:00  INFO 32703 --- [    Test worker] c.z.r.d.r.s.ReviewServiceSecurityTest    : Starting ReviewServiceSecurityTest using Java 20.0.2 with PID 32703 (started by limhyeontaek in /Users/limhyeontaek/Desktop/zerobase/Spring/reserve2)
2024-01-03T15:19:15.393+09:00  INFO 32703 --- [    Test worker] c.z.r.d.r.s.ReviewServiceSecurityTest    : No active profile set, falling back to 1 default profile: "default"
2024-01-03T15:19:16.149+09:00  INFO 32703 --- [    Test worker] o.s.s.web.DefaultSecurityFilterChain     : Will secure any request with [org.springframework.security.web.session.DisableEncodeUrlFilter@21f9c6ea, org.springframework.security.web.context.request.async.WebAsyncManagerIntegrationFilter@418f0534, org.springframework.security.web.context.SecurityContextHolderFilter@682618e5, org.springframework.security.web.authentication.logout.LogoutFilter@2d70f312, com.zerobase.reservation.general.security.AuthenticationFilter@59c43561, org.springframework.security.web.savedrequest.RequestCacheAwareFilter@5f0f70c7, org.springframework.security.web.servletapi.SecurityContextHolderAwareRequestFilter@40d96578, org.springframework.security.web.authentication.AnonymousAuthenticationFilter@3dfd7eaa, org.springframework.security.web.session.SessionManagementFilter@66756662, org.springframework.security.web.access.ExceptionTranslationFilter@333398f, org.springframework.security.web.access.intercept.AuthorizationFilter@5fe46d52]
2024-01-03T15:19:16.174+09:00  INFO 32703 --- [    Test worker] c.z.r.d.r.s.ReviewServiceSecurityTest    : Started ReviewServiceSecurityTest in 0.891 seconds (process running for 1.372)
]]></system-out>
  <system-err><![CDATA[]]></system-err>
</testsuite>
